<?xml version="1.0" encoding="UTF-8"?>
<testsuite xmlns:xsi="http://www.w3.org/2001/XMLSchema-instance" xsi:noNamespaceSchemaLocation="https://maven.apache.org/surefire/maven-surefire-plugin/xsd/surefire-test-report.xsd" name="facades.EmployeeFacadeTest" time="7.243" tests="5" errors="0" skipped="0" failures="0">
  <properties>
[...]
</properties>
  <testcase name="testGetEmployeeByName" classname="facades.EmployeeFacadeTest" time="1.003"/>
  <testcase name="testGetEmployeesWithHighestSalary" classname="facades.EmployeeFacadeTest" time="0.432"/>
  <testcase name="testGetEmployeeById" classname="facades.EmployeeFacadeTest" time="0.432"/>
  <testcase name="testCreateEmployee" classname="facades.EmployeeFacadeTest" time="0.587"/>
  <testcase name="testGetAllEmployees" classname="facades.EmployeeFacadeTest" time="0.454"/>
</testsuite>